<?xml version="1.0" encoding="UTF-8" ?>
<testsuite errors="0" failures="0" hostname="TIET-331-WS-05" name="snakegame.SnakeTest" skipped="0" tests="5" time="0.152" timestamp="2015-04-09T11:57:54">
  <properties>
[...]
</properties>
  <testcase classname="snakegame.SnakeTest" name="testGetX" time="0.013" />
  <testcase classname="snakegame.SnakeTest" name="testGetLenght" time="0.001" />
  <testcase classname="snakegame.SnakeTest" name="testSetFood" time="0.0" />
  <testcase classname="snakegame.SnakeTest" name="testSetPos" time="0.0" />
  <testcase classname="snakegame.SnakeTest" name="testGetY" time="0.001" />
  <system-out><![CDATA[getX
getLenght
setFood
setPos
getY
]]></system-out>
  <system-err><![CDATA[]]></system-err>
</testsuite>
